2020-01-02 10:57:04 INFO  BankApp:33 - ******            ***           ****        **    **    **        *^**^*   
2020-01-02 10:57:04 INFO  BankApp:34 - **   ***         ** **          ** **       **    **   **       {**O**O**} 
2020-01-02 10:57:04 INFO  BankApp:35 - **   ***        **   **         **   **     **    **  **        ****__**** 
2020-01-02 10:57:04 INFO  BankApp:36 - *******        *********        **    **    **    *****          ********  
2020-01-02 10:57:04 INFO  BankApp:37 - ********      ***********       **     **   **    *****           ******   
2020-01-02 10:57:04 INFO  BankApp:38 - **    ***     **       **       **      **  **    **  **        ********** 
2020-01-02 10:57:04 INFO  BankApp:39 - **    ***    **         **      **       ** **    **   **         ******   
2020-01-02 10:57:04 INFO  BankApp:40 - ********    **           **     **        ****    **    **        **  **   
2020-01-02 10:57:04 INFO  BankApp:41 - ___________________________________________________________

2020-01-02 10:57:04 INFO  BankApp:42 -                    WELCOME TO ROBOT BANK
2020-01-02 10:57:04 INFO  BankApp:43 - ___________________________________________________________

2020-01-02 10:57:04 INFO  BankApp:47 - Select you option
2020-01-02 10:57:04 INFO  BankApp:48 - 1) Login
2020-01-02 10:57:04 INFO  BankApp:49 - 2) Register New User
2020-01-02 10:57:04 INFO  BankApp:50 - 3) Exit
2020-01-02 11:48:45 INFO  BankApp:33 - ******            ***           ****        **    **    **        *^**^*   
2020-01-02 11:48:45 INFO  BankApp:34 - **   ***         ** **          ** **       **    **   **       {**O**O**} 
2020-01-02 11:48:45 INFO  BankApp:35 - **   ***        **   **         **   **     **    **  **        ****__**** 
2020-01-02 11:48:45 INFO  BankApp:36 - *******        *********        **    **    **    *****          ********  
2020-01-02 11:48:45 INFO  BankApp:37 - ********      ***********       **     **   **    *****           ******   
2020-01-02 11:48:45 INFO  BankApp:38 - **    ***     **       **       **      **  **    **  **        ********** 
2020-01-02 11:48:45 INFO  BankApp:39 - **    ***    **         **      **       ** **    **   **         ******   
2020-01-02 11:48:45 INFO  BankApp:40 - ********    **           **     **        ****    **    **        **  **   
2020-01-02 11:48:45 INFO  BankApp:41 - ___________________________________________________________

2020-01-02 11:48:45 INFO  BankApp:42 -                    WELCOME TO ROBOT BANK
2020-01-02 11:48:45 INFO  BankApp:43 - ___________________________________________________________

2020-01-02 11:48:45 INFO  BankApp:47 - Select you option
2020-01-02 11:48:45 INFO  BankApp:48 - 1) Login
2020-01-02 11:48:45 INFO  BankApp:49 - 2) Register New User
2020-01-02 11:48:45 INFO  BankApp:50 - 3) Exit
2020-01-02 11:48:48 INFO  BankApp:738 - ___________________________________________________________

2020-01-02 11:48:48 INFO  BankApp:739 -                      REGISTER NEW USER
2020-01-02 11:48:48 INFO  BankApp:740 - ___________________________________________________________

2020-01-02 11:48:48 INFO  BankApp:746 - Enter New Username:  
2020-01-02 11:48:52 INFO  BankApp:748 - Enter New Password:  
2020-01-02 11:48:54 INFO  BankApp:759 - Success register new user
2020-01-02 11:48:54 INFO  BankApp:760 - --------------------------------------------------
2020-01-02 11:48:54 INFO  BankApp:771 - Enter First Name
2020-01-02 11:49:01 INFO  BankApp:778 - Enter Last Name
2020-01-02 11:49:02 INFO  BankApp:785 - Enter your gender{m/f/o}
2020-01-02 11:49:04 INFO  BankApp:793 - Enter DOB(dd.MM.yyyy) 
2020-01-02 11:49:10 INFO  BankApp:826 - You had Successful fill the info 
2020-01-02 11:49:10 INFO  BankApp:827 - --------------------------------------------------
2020-01-02 11:49:10 INFO  BankApp:828 - Please fill the customer infomation.
2020-01-02 11:49:10 INFO  BankApp:834 - Apply which type of account? 
2020-01-02 11:49:10 INFO  BankApp:839 - 1) Checking
2020-01-02 11:49:10 INFO  BankApp:839 - 2) Saving
2020-01-02 11:49:10 INFO  BankApp:841 - 3) Back
2020-01-02 11:49:16 INFO  BankApp:858 - 
-----------------------------------------------------------

2020-01-02 11:49:16 INFO  BankApp:859 -           Thanks you for applying robot bank account.
2020-01-02 11:49:16 INFO  BankApp:860 -         Allows 5-7 buiness day for account to process.
2020-01-02 11:49:16 INFO  BankApp:861 - 
-----------------------------------------------------------

2020-01-02 11:49:16 INFO  BankApp:47 - Select you option
2020-01-02 11:49:16 INFO  BankApp:48 - 1) Login
2020-01-02 11:49:16 INFO  BankApp:49 - 2) Register New User
2020-01-02 11:49:16 INFO  BankApp:50 - 3) Exit
2020-01-02 11:49:19 INFO  BankApp:65 - ___________________________________________________________

2020-01-02 11:49:19 INFO  BankApp:66 -                         LOGIN PAGE
2020-01-02 11:49:19 INFO  BankApp:67 - ___________________________________________________________

2020-01-02 11:49:19 INFO  BankApp:69 - Enter Username:  
2020-01-02 11:49:24 INFO  BankApp:71 - Enter Password:  
2020-01-02 11:49:26 INFO  BankApp:89 - ___________________________________________________________

2020-01-02 11:49:26 INFO  BankApp:90 -                       CUSTOMER PAGE
2020-01-02 11:49:26 INFO  BankApp:91 - ___________________________________________________________

2020-01-02 11:49:26 INFO  BankApp:92 - WELCOME CAI

2020-01-02 11:49:26 INFO  BankApp:95 - Select option below: 
2020-01-02 11:49:26 INFO  BankApp:96 - 1) Apply New Account 
2020-01-02 11:49:26 INFO  BankApp:97 - 2) Select Account 
2020-01-02 11:49:26 INFO  BankApp:98 - 3) Back 
2020-01-02 11:49:31 INFO  BankApp:182 - -----------------------------------------------------------

2020-01-02 11:49:31 INFO  BankApp:183 - Select one of the account below for more option: 

2020-01-02 11:49:31 INFO  BankApp:190 - 1) Account#'s: BR100141, Balance: 0.0, Type: checking, Status: Pending
2020-01-02 11:49:31 INFO  BankApp:192 - 
-----------------------------------------------------------

2020-01-02 11:49:36 INFO  BankApp:200 - You had select your checking account with account#'s: BR100141
2020-01-02 11:49:36 INFO  BankApp:317 - -----------------------------------------------------------

2020-01-02 11:49:36 INFO  BankApp:318 - Account still processing, allow 5-7 business day to process.
2020-01-02 11:49:36 INFO  BankApp:319 - 
-----------------------------------------------------------

2020-01-02 11:49:36 INFO  BankApp:95 - Select option below: 
2020-01-02 11:49:36 INFO  BankApp:96 - 1) Apply New Account 
2020-01-02 11:49:36 INFO  BankApp:97 - 2) Select Account 
2020-01-02 11:49:36 INFO  BankApp:98 - 3) Back 
2020-01-02 11:49:39 INFO  BankApp:332 - Logging off 

2020-01-02 11:49:39 INFO  BankApp:47 - Select you option
2020-01-02 11:49:39 INFO  BankApp:48 - 1) Login
2020-01-02 11:49:39 INFO  BankApp:49 - 2) Register New User
2020-01-02 11:49:39 INFO  BankApp:50 - 3) Exit
2020-01-02 11:49:41 INFO  BankApp:65 - ___________________________________________________________

2020-01-02 11:49:41 INFO  BankApp:66 -                         LOGIN PAGE
2020-01-02 11:49:41 INFO  BankApp:67 - ___________________________________________________________

2020-01-02 11:49:41 INFO  BankApp:69 - Enter Username:  
2020-01-02 11:49:44 INFO  BankApp:71 - Enter Password:  
2020-01-02 11:49:45 INFO  BankApp:344 - ___________________________________________________________

2020-01-02 11:49:45 INFO  BankApp:345 -                        EMPLOYEE PAGE
2020-01-02 11:49:45 INFO  BankApp:346 - ___________________________________________________________

2020-01-02 11:49:45 INFO  BankApp:354 - Welcome Robot King

2020-01-02 11:49:45 INFO  BankApp:360 - Select option
2020-01-02 11:49:45 INFO  BankApp:361 - 1. View Pending Account
2020-01-02 11:49:45 INFO  BankApp:362 - 2. View Account
2020-01-02 11:49:45 INFO  BankApp:363 - 3. Register New Customer
2020-01-02 11:49:45 INFO  BankApp:364 - 4. Back
2020-01-02 11:49:51 INFO  BankApp:726 - Logging off 

2020-01-02 11:49:51 INFO  BankApp:47 - Select you option
2020-01-02 11:49:51 INFO  BankApp:48 - 1) Login
2020-01-02 11:49:51 INFO  BankApp:49 - 2) Register New User
2020-01-02 11:49:51 INFO  BankApp:50 - 3) Exit
2020-01-02 11:49:53 INFO  BankApp:65 - ___________________________________________________________

2020-01-02 11:49:53 INFO  BankApp:66 -                         LOGIN PAGE
2020-01-02 11:49:53 INFO  BankApp:67 - ___________________________________________________________

2020-01-02 11:49:53 INFO  BankApp:69 - Enter Username:  
2020-01-02 11:49:56 INFO  BankApp:71 - Enter Password:  
2020-01-02 11:49:58 INFO  BankApp:89 - ___________________________________________________________

2020-01-02 11:49:58 INFO  BankApp:90 -                       CUSTOMER PAGE
2020-01-02 11:49:58 INFO  BankApp:91 - ___________________________________________________________

2020-01-02 11:49:58 INFO  BankApp:92 - WELCOME CAI

2020-01-02 11:49:58 INFO  BankApp:95 - Select option below: 
2020-01-02 11:49:58 INFO  BankApp:96 - 1) Apply New Account 
2020-01-02 11:49:58 INFO  BankApp:97 - 2) Select Account 
2020-01-02 11:49:58 INFO  BankApp:98 - 3) Back 
2020-01-02 11:49:59 INFO  BankApp:123 - Apply which type of account? 
2020-01-02 11:49:59 INFO  BankApp:127 - 1) Checking
2020-01-02 11:49:59 INFO  BankApp:127 - 2) Saving
2020-01-02 11:49:59 INFO  BankApp:129 - 3) Back
2020-01-02 11:50:02 INFO  BankApp:95 - Select option below: 
2020-01-02 11:50:02 INFO  BankApp:96 - 1) Apply New Account 
2020-01-02 11:50:02 INFO  BankApp:97 - 2) Select Account 
2020-01-02 11:50:02 INFO  BankApp:98 - 3) Back 
2020-01-02 11:50:05 INFO  BankApp:182 - -----------------------------------------------------------

2020-01-02 11:50:05 INFO  BankApp:183 - Select one of the account below for more option: 

2020-01-02 11:50:05 INFO  BankApp:190 - 1) Account#'s: BR100141, Balance: 0.0, Type: checking, Status: Pending
2020-01-02 11:50:05 INFO  BankApp:192 - 
-----------------------------------------------------------

2020-01-02 11:50:10 INFO  BankApp:200 - You had select your checking account with account#'s: BR100141
2020-01-02 11:50:10 INFO  BankApp:317 - -----------------------------------------------------------

2020-01-02 11:50:10 INFO  BankApp:318 - Account still processing, allow 5-7 business day to process.
2020-01-02 11:50:10 INFO  BankApp:319 - 
-----------------------------------------------------------

2020-01-02 11:50:10 INFO  BankApp:95 - Select option below: 
2020-01-02 11:50:10 INFO  BankApp:96 - 1) Apply New Account 
2020-01-02 11:50:10 INFO  BankApp:97 - 2) Select Account 
2020-01-02 11:50:10 INFO  BankApp:98 - 3) Back 
2020-01-02 11:50:11 INFO  BankApp:332 - Logging off 

2020-01-02 11:50:11 INFO  BankApp:47 - Select you option
2020-01-02 11:50:11 INFO  BankApp:48 - 1) Login
2020-01-02 11:50:11 INFO  BankApp:49 - 2) Register New User
2020-01-02 11:50:11 INFO  BankApp:50 - 3) Exit
2020-01-02 11:50:13 INFO  BankApp:65 - ___________________________________________________________

2020-01-02 11:50:13 INFO  BankApp:66 -                         LOGIN PAGE
2020-01-02 11:50:13 INFO  BankApp:67 - ___________________________________________________________

2020-01-02 11:50:13 INFO  BankApp:69 - Enter Username:  
2020-01-02 11:50:16 INFO  BankApp:71 - Enter Password:  
2020-01-02 11:50:17 INFO  BankApp:344 - ___________________________________________________________

2020-01-02 11:50:17 INFO  BankApp:345 -                        EMPLOYEE PAGE
2020-01-02 11:50:17 INFO  BankApp:346 - ___________________________________________________________

2020-01-02 11:50:17 INFO  BankApp:354 - Welcome Robot King

2020-01-02 11:50:17 INFO  BankApp:360 - Select option
2020-01-02 11:50:17 INFO  BankApp:361 - 1. View Pending Account
2020-01-02 11:50:17 INFO  BankApp:362 - 2. View Account
2020-01-02 11:50:17 INFO  BankApp:363 - 3. Register New Customer
2020-01-02 11:50:17 INFO  BankApp:364 - 4. Back
2020-01-02 11:50:19 INFO  BankApp:379 - 
-----------------------------------------------------------
2020-01-02 11:50:19 INFO  BankApp:380 -                       Pending Account
2020-01-02 11:50:19 INFO  BankApp:381 - -----------------------------------------------------------

2020-01-02 11:50:19 INFO  BankApp:389 -    Account#    Balance      Type    
2020-01-02 11:50:19 INFO  BankApp:392 - 1) BR100022      0.0       saving
2020-01-02 11:50:19 INFO  BankApp:392 - 2) BR100031      0.0       checking
2020-01-02 11:50:19 INFO  BankApp:392 - 3) BR100041      0.0       checking
2020-01-02 11:50:19 INFO  BankApp:392 - 4) BR100061      0.0       checking
2020-01-02 11:50:19 INFO  BankApp:392 - 5) BR100071      0.0       checking
2020-01-02 11:50:19 INFO  BankApp:392 - 6) BR100102      0.0       saving
2020-01-02 11:50:19 INFO  BankApp:392 - 7) BR100012      0.0       saving
2020-01-02 11:50:19 INFO  BankApp:392 - 8) BR100121      0.0       checking
2020-01-02 11:50:19 INFO  BankApp:392 - 9) BR100141      0.0       checking
2020-01-02 11:50:24 INFO  BankApp:396 - 
-----------------------------------------------------------

2020-01-02 11:50:24 INFO  BankApp:409 - Selecting infomation with account#'s: BR100141
2020-01-02 11:50:24 INFO  BankApp:410 - 
-----------------------------------------------------------

2020-01-02 11:50:24 INFO  BankApp:411 -                      Customer Infomation
2020-01-02 11:50:24 INFO  BankApp:412 - 
-----------------------------------------------------------

2020-01-02 11:50:24 INFO  BankApp:413 - Lastname: Cai Firstname: Rong
2020-01-02 11:50:24 INFO  BankApp:414 - Date of birth: 2000-01-01 Gender: M
2020-01-02 11:50:24 INFO  BankApp:415 - Applying for checking account
2020-01-02 11:50:24 INFO  BankApp:416 - 
-----------------------------------------------------------

2020-01-02 11:50:24 INFO  BankApp:432 - 1) Approved 
2020-01-02 11:50:24 INFO  BankApp:433 - 2) Rejected 
2020-01-02 11:50:24 INFO  BankApp:434 - 3) Exit 
2020-01-02 11:50:24 INFO  BankApp:435 - -----------------------------------------------------------

2020-01-02 11:50:26 INFO  BankApp:451 - You had proccess Rong Cai checking account. 
2020-01-02 11:50:26 INFO  BankApp:453 - -----------------------------------------------------------

2020-01-02 11:50:26 INFO  BankApp:360 - Select option
2020-01-02 11:50:26 INFO  BankApp:361 - 1. View Pending Account
2020-01-02 11:50:26 INFO  BankApp:362 - 2. View Account
2020-01-02 11:50:26 INFO  BankApp:363 - 3. Register New Customer
2020-01-02 11:50:26 INFO  BankApp:364 - 4. Back
2020-01-02 11:50:29 INFO  BankApp:465 - 
-----------------------------------------------------------
2020-01-02 11:50:29 INFO  BankApp:466 -                       Search Account
2020-01-02 11:50:29 INFO  BankApp:467 - -----------------------------------------------------------

2020-01-02 11:50:29 INFO  BankApp:471 - 1) Provide the account number to be search
2020-01-02 11:50:29 INFO  BankApp:472 - 2) Last 4 digit of SSN and DOB
2020-01-02 11:50:29 INFO  BankApp:473 - 3) Back
2020-01-02 11:50:31 INFO  BankApp:487 - Please enter account number or type in q to go back: 
2020-01-02 11:50:38 INFO  BankApp:504 - 
-----------------------------------------------------------

2020-01-02 11:50:38 INFO  BankApp:505 -                      Customer Infomation
2020-01-02 11:50:38 INFO  BankApp:506 - 
-----------------------------------------------------------

2020-01-02 11:50:38 INFO  BankApp:507 - Lastname: Bravo Firstname: Lea
2020-01-02 11:50:38 INFO  BankApp:508 - Date of birth: 2000-02-01 Gender: O
2020-01-02 11:50:38 INFO  BankApp:509 - Applying for checking account.
2020-01-02 11:50:38 INFO  BankApp:510 - 
-----------------------------------------------------------

2020-01-02 11:50:38 INFO  BankApp:522 - 1) View account transcation history
2020-01-02 11:50:38 INFO  BankApp:523 - 2) Exit
2020-01-02 11:50:46 INFO  BankApp:532 - View BR100051 transcation history.
2020-01-02 11:50:46 INFO  BankApp:533 - 
-----------------------------------------------------------

2020-01-02 11:50:46 INFO  BankApp:544 - Amount: 550.0, Type: Deposit, transFrom: null, TransTo: null, Date: 2019-12-31
2020-01-02 11:50:46 INFO  BankApp:544 - Amount: 50.0, Type: Deposit, transFrom: null, TransTo: null, Date: 2020-01-01
2020-01-02 11:50:46 INFO  BankApp:544 - Amount: 55.0, Type: Withdrawal, transFrom: null, TransTo: null, Date: 2020-01-01
2020-01-02 11:50:46 INFO  BankApp:544 - Amount: 5.0, Type: Transfer, transFrom: BR100051, TransTo: BR100001, Date: 2020-01-01
2020-01-02 11:50:46 INFO  BankApp:544 - Amount: 5.0, Type: Transfer, transFrom: BR100001, TransTo: BR100051, Date: 2020-01-01
2020-01-02 11:50:46 INFO  BankApp:544 - Amount: 200.0, Type: Deposit, transFrom: null, TransTo: null, Date: 2020-01-01
2020-01-02 11:50:46 INFO  BankApp:544 - Amount: 5.0, Type: Transfer, transFrom: BR100051, TransTo: BR100001, Date: 2020-01-02
2020-01-02 11:50:46 INFO  BankApp:548 - 
-----------------------------------------------------------

2020-01-02 11:50:46 INFO  BankApp:522 - 1) View account transcation history
2020-01-02 11:50:46 INFO  BankApp:523 - 2) Exit
2020-01-02 11:50:49 INFO  BankApp:471 - 1) Provide the account number to be search
2020-01-02 11:50:49 INFO  BankApp:472 - 2) Last 4 digit of SSN and DOB
2020-01-02 11:50:49 INFO  BankApp:473 - 3) Back
2020-01-02 11:50:51 INFO  BankApp:360 - Select option
2020-01-02 11:50:51 INFO  BankApp:361 - 1. View Pending Account
2020-01-02 11:50:51 INFO  BankApp:362 - 2. View Account
2020-01-02 11:50:51 INFO  BankApp:363 - 3. Register New Customer
2020-01-02 11:50:51 INFO  BankApp:364 - 4. Back
2020-01-02 11:50:54 INFO  BankApp:726 - Logging off 

2020-01-02 11:50:54 INFO  BankApp:47 - Select you option
2020-01-02 11:50:54 INFO  BankApp:48 - 1) Login
2020-01-02 11:50:54 INFO  BankApp:49 - 2) Register New User
2020-01-02 11:50:54 INFO  BankApp:50 - 3) Exit
2020-01-02 11:50:55 INFO  BankApp:65 - ___________________________________________________________

2020-01-02 11:50:55 INFO  BankApp:66 -                         LOGIN PAGE
2020-01-02 11:50:55 INFO  BankApp:67 - ___________________________________________________________

2020-01-02 11:50:55 INFO  BankApp:69 - Enter Username:  
2020-01-02 11:51:00 INFO  BankApp:71 - Enter Password:  
2020-01-02 11:51:01 INFO  BankApp:89 - ___________________________________________________________

2020-01-02 11:51:01 INFO  BankApp:90 -                       CUSTOMER PAGE
2020-01-02 11:51:01 INFO  BankApp:91 - ___________________________________________________________

2020-01-02 11:51:01 INFO  BankApp:92 - WELCOME CAI

2020-01-02 11:51:01 INFO  BankApp:95 - Select option below: 
2020-01-02 11:51:01 INFO  BankApp:96 - 1) Apply New Account 
2020-01-02 11:51:01 INFO  BankApp:97 - 2) Select Account 
2020-01-02 11:51:01 INFO  BankApp:98 - 3) Back 
2020-01-02 11:51:03 INFO  BankApp:182 - -----------------------------------------------------------

2020-01-02 11:51:03 INFO  BankApp:183 - Select one of the account below for more option: 

2020-01-02 11:51:03 INFO  BankApp:190 - 1) Account#'s: BR100141, Balance: 0.0, Type: checking, Status: Active
2020-01-02 11:51:03 INFO  BankApp:192 - 
-----------------------------------------------------------

2020-01-02 11:51:05 INFO  BankApp:200 - You had select your checking account with account#'s: BR100141
2020-01-02 11:51:05 INFO  BankApp:219 - 1) Deposit
2020-01-02 11:51:05 INFO  BankApp:220 - 2) Withdrawal
2020-01-02 11:51:05 INFO  BankApp:221 - 3) Transfer
2020-01-02 11:51:05 INFO  BankApp:222 - 4) Transaction Log
2020-01-02 11:51:05 INFO  BankApp:223 - 5) Back
2020-01-02 11:51:10 INFO  BankApp:234 - Enter the amount you want to deposit:  
2020-01-02 11:51:12 INFO  BankApp:242 - 
-----------------------------------------------------------

2020-01-02 11:51:12 INFO  BankApp:243 - The system has received the deposit  $500.0 into account#'s BR100141
2020-01-02 11:51:12 INFO  BankApp:245 - 
-----------------------------------------------------------

2020-01-02 11:51:12 INFO  BankApp:219 - 1) Deposit
2020-01-02 11:51:12 INFO  BankApp:220 - 2) Withdrawal
2020-01-02 11:51:12 INFO  BankApp:221 - 3) Transfer
2020-01-02 11:51:12 INFO  BankApp:222 - 4) Transaction Log
2020-01-02 11:51:12 INFO  BankApp:223 - 5) Back
2020-01-02 11:51:16 INFO  BankApp:257 - Enter the amount you want to withdrawal: 
2020-01-02 11:51:18 ERROR BankApp:269 - Insufficient funds
2020-01-02 11:51:18 INFO  BankApp:219 - 1) Deposit
2020-01-02 11:51:18 INFO  BankApp:220 - 2) Withdrawal
2020-01-02 11:51:18 INFO  BankApp:221 - 3) Transfer
2020-01-02 11:51:18 INFO  BankApp:222 - 4) Transaction Log
2020-01-02 11:51:18 INFO  BankApp:223 - 5) Back
2020-01-02 11:51:20 INFO  BankApp:257 - Enter the amount you want to withdrawal: 
2020-01-02 11:51:23 INFO  BankApp:263 - 
-----------------------------------------------------------

2020-01-02 11:51:23 INFO  BankApp:264 - The system has withdrawal  $200.0 from account#'s BR100141
2020-01-02 11:51:23 INFO  BankApp:266 - 
-----------------------------------------------------------

2020-01-02 11:51:23 INFO  BankApp:219 - 1) Deposit
2020-01-02 11:51:23 INFO  BankApp:220 - 2) Withdrawal
2020-01-02 11:51:23 INFO  BankApp:221 - 3) Transfer
2020-01-02 11:51:23 INFO  BankApp:222 - 4) Transaction Log
2020-01-02 11:51:23 INFO  BankApp:223 - 5) Back
2020-01-02 11:51:27 INFO  BankApp:298 - Transaction Log
2020-01-02 11:51:27 INFO  BankApp:302 - 
-----------------------------------------------------------

2020-01-02 11:51:27 INFO  BankApp:304 - 1) Amount: 500.0, Type: Deposit, transFrom: null, TransTo: null, Date: 2020-01-02
2020-01-02 11:51:27 INFO  BankApp:304 - 2) Amount: 200.0, Type: Withdrawal, transFrom: null, TransTo: null, Date: 2020-01-02
2020-01-02 11:51:27 INFO  BankApp:306 - 
-----------------------------------------------------------

2020-01-02 11:51:27 INFO  BankApp:219 - 1) Deposit
2020-01-02 11:51:27 INFO  BankApp:220 - 2) Withdrawal
2020-01-02 11:51:27 INFO  BankApp:221 - 3) Transfer
2020-01-02 11:51:27 INFO  BankApp:222 - 4) Transaction Log
2020-01-02 11:51:27 INFO  BankApp:223 - 5) Back
2020-01-02 11:51:31 INFO  BankApp:277 - Enter the amount you want to transfer: 
2020-01-02 11:51:34 INFO  BankApp:281 - Enter recipient account number in format of BR follow by 6 acount digit
2020-01-02 11:51:41 INFO  BankApp:285 - 
-----------------------------------------------------------

2020-01-02 11:51:41 INFO  BankApp:286 - The system has transfer money $50.0 to the recipient account
2020-01-02 11:51:41 INFO  BankApp:287 - 
-----------------------------------------------------------

2020-01-02 11:51:41 INFO  BankApp:219 - 1) Deposit
2020-01-02 11:51:41 INFO  BankApp:220 - 2) Withdrawal
2020-01-02 11:51:41 INFO  BankApp:221 - 3) Transfer
2020-01-02 11:51:41 INFO  BankApp:222 - 4) Transaction Log
2020-01-02 11:51:41 INFO  BankApp:223 - 5) Back
2020-01-02 11:51:44 INFO  BankApp:298 - Transaction Log
2020-01-02 11:51:44 INFO  BankApp:302 - 
-----------------------------------------------------------

2020-01-02 11:51:44 INFO  BankApp:304 - 1) Amount: 500.0, Type: Deposit, transFrom: null, TransTo: null, Date: 2020-01-02
2020-01-02 11:51:44 INFO  BankApp:304 - 2) Amount: 200.0, Type: Withdrawal, transFrom: null, TransTo: null, Date: 2020-01-02
2020-01-02 11:51:44 INFO  BankApp:304 - 3) Amount: 50.0, Type: Transfer, transFrom: BR100141, TransTo: BR100051, Date: 2020-01-02
2020-01-02 11:51:44 INFO  BankApp:306 - 
-----------------------------------------------------------

2020-01-02 11:51:44 INFO  BankApp:219 - 1) Deposit
2020-01-02 11:51:44 INFO  BankApp:220 - 2) Withdrawal
2020-01-02 11:51:44 INFO  BankApp:221 - 3) Transfer
2020-01-02 11:51:44 INFO  BankApp:222 - 4) Transaction Log
2020-01-02 11:51:44 INFO  BankApp:223 - 5) Back
2020-01-02 11:51:47 INFO  BankApp:95 - Select option below: 
2020-01-02 11:51:47 INFO  BankApp:96 - 1) Apply New Account 
2020-01-02 11:51:47 INFO  BankApp:97 - 2) Select Account 
2020-01-02 11:51:47 INFO  BankApp:98 - 3) Back 
2020-01-02 11:51:48 INFO  BankApp:332 - Logging off 

2020-01-02 11:51:48 INFO  BankApp:47 - Select you option
2020-01-02 11:51:48 INFO  BankApp:48 - 1) Login
2020-01-02 11:51:48 INFO  BankApp:49 - 2) Register New User
2020-01-02 11:51:48 INFO  BankApp:50 - 3) Exit
2020-01-02 11:51:50 INFO  BankApp:65 - ___________________________________________________________

2020-01-02 11:51:50 INFO  BankApp:66 -                         LOGIN PAGE
2020-01-02 11:51:50 INFO  BankApp:67 - ___________________________________________________________

2020-01-02 11:51:50 INFO  BankApp:69 - Enter Username:  
2020-01-02 11:51:54 INFO  BankApp:71 - Enter Password:  
2020-01-02 11:51:55 INFO  BankApp:89 - ___________________________________________________________

2020-01-02 11:51:55 INFO  BankApp:90 -                       CUSTOMER PAGE
2020-01-02 11:51:55 INFO  BankApp:91 - ___________________________________________________________

2020-01-02 11:51:55 INFO  BankApp:92 - WELCOME BRAVO

2020-01-02 11:51:55 INFO  BankApp:95 - Select option below: 
2020-01-02 11:51:55 INFO  BankApp:96 - 1) Apply New Account 
2020-01-02 11:51:55 INFO  BankApp:97 - 2) Select Account 
2020-01-02 11:51:55 INFO  BankApp:98 - 3) Back 
2020-01-02 11:51:58 INFO  BankApp:182 - -----------------------------------------------------------

2020-01-02 11:51:58 INFO  BankApp:183 - Select one of the account below for more option: 

2020-01-02 11:51:58 INFO  BankApp:190 - 1) Account#'s: BR100051, Balance: 790.0, Type: checking, Status: Active
2020-01-02 11:51:58 INFO  BankApp:192 - 
-----------------------------------------------------------

2020-01-02 11:52:01 INFO  BankApp:200 - You had select your checking account with account#'s: BR100051
2020-01-02 11:52:01 INFO  BankApp:219 - 1) Deposit
2020-01-02 11:52:01 INFO  BankApp:220 - 2) Withdrawal
2020-01-02 11:52:01 INFO  BankApp:221 - 3) Transfer
2020-01-02 11:52:01 INFO  BankApp:222 - 4) Transaction Log
2020-01-02 11:52:01 INFO  BankApp:223 - 5) Back
2020-01-02 11:52:02 INFO  BankApp:277 - Enter the amount you want to transfer: 
2020-01-02 11:52:06 INFO  BankApp:281 - Enter recipient account number in format of BR follow by 6 acount digit
2020-01-02 11:52:07 ERROR BankApp:290 - recipient account number is invalid
2020-01-02 11:52:07 INFO  BankApp:219 - 1) Deposit
2020-01-02 11:52:07 INFO  BankApp:220 - 2) Withdrawal
2020-01-02 11:52:07 INFO  BankApp:221 - 3) Transfer
2020-01-02 11:52:07 INFO  BankApp:222 - 4) Transaction Log
2020-01-02 11:52:07 INFO  BankApp:223 - 5) Back
2020-01-02 11:52:09 INFO  BankApp:298 - Transaction Log
2020-01-02 11:52:10 INFO  BankApp:302 - 
-----------------------------------------------------------

2020-01-02 11:52:10 INFO  BankApp:304 - 1) Amount: 550.0, Type: Deposit, transFrom: null, TransTo: null, Date: 2019-12-31
2020-01-02 11:52:10 INFO  BankApp:304 - 2) Amount: 50.0, Type: Deposit, transFrom: null, TransTo: null, Date: 2020-01-01
2020-01-02 11:52:10 INFO  BankApp:304 - 3) Amount: 55.0, Type: Withdrawal, transFrom: null, TransTo: null, Date: 2020-01-01
2020-01-02 11:52:10 INFO  BankApp:304 - 4) Amount: 5.0, Type: Transfer, transFrom: BR100051, TransTo: BR100001, Date: 2020-01-01
2020-01-02 11:52:10 INFO  BankApp:304 - 5) Amount: 5.0, Type: Transfer, transFrom: BR100001, TransTo: BR100051, Date: 2020-01-01
2020-01-02 11:52:10 INFO  BankApp:304 - 6) Amount: 200.0, Type: Deposit, transFrom: null, TransTo: null, Date: 2020-01-01
2020-01-02 11:52:10 INFO  BankApp:304 - 7) Amount: 5.0, Type: Transfer, transFrom: BR100051, TransTo: BR100001, Date: 2020-01-02
2020-01-02 11:52:10 INFO  BankApp:304 - 8) Amount: 50.0, Type: Transfer, transFrom: BR100141, TransTo: BR100051, Date: 2020-01-02
2020-01-02 11:52:10 INFO  BankApp:306 - 
-----------------------------------------------------------

2020-01-02 11:52:10 INFO  BankApp:219 - 1) Deposit
2020-01-02 11:52:10 INFO  BankApp:220 - 2) Withdrawal
2020-01-02 11:52:10 INFO  BankApp:221 - 3) Transfer
2020-01-02 11:52:10 INFO  BankApp:222 - 4) Transaction Log
2020-01-02 11:52:10 INFO  BankApp:223 - 5) Back
2020-01-02 11:52:12 INFO  BankApp:219 - 1) Deposit
2020-01-02 11:52:12 INFO  BankApp:220 - 2) Withdrawal
2020-01-02 11:52:12 INFO  BankApp:221 - 3) Transfer
2020-01-02 11:52:12 INFO  BankApp:222 - 4) Transaction Log
2020-01-02 11:52:12 INFO  BankApp:223 - 5) Back
2020-01-02 11:52:45 INFO  BankApp:95 - Select option below: 
2020-01-02 11:52:45 INFO  BankApp:96 - 1) Apply New Account 
2020-01-02 11:52:45 INFO  BankApp:97 - 2) Select Account 
2020-01-02 11:52:45 INFO  BankApp:98 - 3) Back 
2020-01-02 11:52:46 INFO  BankApp:332 - Logging off 

2020-01-02 11:52:46 INFO  BankApp:47 - Select you option
2020-01-02 11:52:46 INFO  BankApp:48 - 1) Login
2020-01-02 11:52:46 INFO  BankApp:49 - 2) Register New User
2020-01-02 11:52:46 INFO  BankApp:50 - 3) Exit
2020-01-02 11:52:47 INFO  BankApp:883 - 
___________________________________________________________

2020-01-02 11:52:47 INFO  BankApp:884 -          THANK YOU FOR USING ROBOT BANK APPLICATION
2020-01-02 11:52:47 INFO  BankApp:885 - ___________________________________________________________

